2019-06-27 21:03:06 INFO  TestBase:32 - Initiate Browser
2019-06-27 21:04:32 INFO  TestBase:32 - Initiate Browser
2019-06-27 21:05:46 INFO  TestBase:32 - Initiate Browser
2019-06-27 21:05:56 INFO  TestBase:38 - Browser Initiated
2019-06-27 21:05:56 INFO  TestBase:49 - Test name: testGenderlInformation
2019-06-27 21:05:56 INFO  TestBase:68 - Executed test case name:testGenderlInformation Execution Results : [TestResult name=testGenderlInformation status=SUCCESS method=Tests.testGenderlInformation()[pri:0, instance:tests.Tests@79be0360] output={null}]
2019-06-27 21:05:56 INFO  TestBase:59 - Closing Browser
2019-06-27 21:05:56 INFO  TestBase:61 - Browser Closed
2019-06-27 21:06:05 INFO  TestBase:32 - Initiate Browser
2019-06-27 21:06:15 INFO  TestBase:38 - Browser Initiated
2019-06-27 21:06:15 INFO  TestBase:49 - Test name: testGenderlInformation
2019-06-27 21:06:15 INFO  TestBase:68 - Executed test case name:testGenderlInformation Execution Results : [TestResult name=testGenderlInformation status=SUCCESS method=Tests.testGenderlInformation()[pri:0, instance:tests.Tests@cd2dae5] output={null}]
2019-06-27 21:06:15 INFO  TestBase:59 - Closing Browser
2019-06-27 21:06:15 INFO  TestBase:61 - Browser Closed
2019-07-29 16:49:28 INFO  TestBase:32 - Initiate Browser
2019-07-29 16:49:37 INFO  TestBase:38 - Browser Initiated
2019-07-29 16:49:37 INFO  TestBase:49 - Test name: testGenderlInformation
2019-07-29 16:49:37 INFO  TestBase:68 - Executed test case name:testGenderlInformation Execution Results : [TestResult name=testGenderlInformation status=SUCCESS method=Tests.testGenderlInformation()[pri:0, instance:tests.Tests@63e2203c] output={null}]
2019-07-29 16:49:37 INFO  TestBase:59 - Closing Browser
2019-07-29 16:49:38 INFO  TestBase:61 - Browser Closed
2019-07-29 16:53:11 INFO  TestBase:32 - Initiate Browser
2019-07-29 16:53:17 INFO  TestBase:38 - Browser Initiated
2019-07-29 16:53:17 INFO  TestBase:49 - Test name: testGenderlInformation
2019-07-29 16:53:18 INFO  TestBase:68 - Executed test case name:testGenderlInformation Execution Results : [TestResult name=testGenderlInformation status=SUCCESS method=Tests.testGenderlInformation()[pri:0, instance:tests.Tests@63e2203c] output={null}]
2019-07-29 16:53:18 INFO  TestBase:59 - Closing Browser
2019-07-29 16:53:18 INFO  TestBase:61 - Browser Closed
2019-07-29 17:10:35 INFO  TestBase:32 - Initiate Browser
2019-07-29 17:10:43 INFO  TestBase:38 - Browser Initiated
2019-07-29 17:10:43 INFO  TestBase:49 - Test name: testGenderlInformation
2019-07-29 17:10:43 INFO  TestBase:68 - Executed test case name:testGenderlInformation Execution Results : [TestResult name=testGenderlInformation status=SUCCESS method=Tests.testGenderlInformation()[pri:0, instance:tests.Tests@63e2203c] output={null}]
2019-07-29 17:10:43 INFO  TestBase:59 - Closing Browser
2019-07-29 17:10:43 INFO  TestBase:61 - Browser Closed
2019-07-29 17:12:57 INFO  TestBase:32 - Initiate Browser
2019-07-29 17:13:04 INFO  TestBase:38 - Browser Initiated
2019-07-29 17:13:04 INFO  TestBase:49 - Test name: testGenderlInformation
2019-07-29 17:13:04 INFO  TestBase:68 - Executed test case name:testGenderlInformation Execution Results : [TestResult name=testGenderlInformation status=SUCCESS method=Tests.testGenderlInformation()[pri:0, instance:tests.Tests@63e2203c] output={null}]
2019-07-29 17:13:04 INFO  TestBase:59 - Closing Browser
2019-07-29 17:13:05 INFO  TestBase:61 - Browser Closed
2019-07-29 17:14:06 INFO  TestBase:32 - Initiate Browser
2019-07-29 17:14:13 INFO  TestBase:38 - Browser Initiated
2019-07-29 17:14:13 INFO  TestBase:49 - Test name: testGenderlInformation
2019-07-29 17:14:13 INFO  TestBase:68 - Executed test case name:testGenderlInformation Execution Results : [TestResult name=testGenderlInformation status=SUCCESS method=Tests.testGenderlInformation()[pri:0, instance:tests.Tests@63e2203c] output={null}]
2019-07-29 17:14:13 INFO  TestBase:59 - Closing Browser
2019-07-29 17:14:14 INFO  TestBase:61 - Browser Closed
2019-07-29 17:18:43 INFO  TestBase:32 - Initiate Browser
2019-07-29 17:18:50 INFO  TestBase:38 - Browser Initiated
2019-07-29 17:18:50 INFO  TestBase:49 - Test name: testGenderlInformation
2019-07-29 17:18:50 INFO  TestBase:68 - Executed test case name:testGenderlInformation Execution Results : [TestResult name=testGenderlInformation status=SUCCESS method=Tests.testGenderlInformation()[pri:0, instance:tests.Tests@63e2203c] output={null}]
2019-07-29 17:18:50 INFO  TestBase:59 - Closing Browser
2019-07-29 17:18:51 INFO  TestBase:61 - Browser Closed
2019-07-29 22:36:11 INFO  TestBase:32 - Initiate Browser
2019-07-29 22:36:23 INFO  TestBase:38 - Browser Initiated
2019-07-29 22:36:23 INFO  TestBase:49 - Test name: testGenderlInformation
2019-07-29 22:36:25 INFO  TestBase:68 - Executed test case name:testGenderlInformation Execution Results : [TestResult name=testGenderlInformation status=SUCCESS method=Tests.testGenderlInformation()[pri:0, instance:tests.Tests@2c1b194a] output={null}]
2019-07-29 22:36:25 INFO  TestBase:59 - Closing Browser
2019-07-29 22:36:26 INFO  TestBase:61 - Browser Closed
2019-07-29 22:37:28 INFO  TestBase:32 - Initiate Browser
2019-07-29 22:37:40 INFO  TestBase:38 - Browser Initiated
2019-07-29 22:37:40 INFO  TestBase:49 - Test name: testGenderlInformation
2019-07-29 22:37:48 INFO  TestBase:68 - Executed test case name:testGenderlInformation Execution Results : [TestResult name=testGenderlInformation status=SUCCESS method=Tests.testGenderlInformation()[pri:0, instance:tests.Tests@3d99d22e] output={null}]
2019-07-29 22:37:48 INFO  TestBase:59 - Closing Browser
2019-07-29 22:37:49 INFO  TestBase:61 - Browser Closed
2019-07-29 22:42:48 INFO  TestBase:32 - Initiate Browser
2019-07-29 22:42:59 INFO  TestBase:38 - Browser Initiated
2019-07-29 22:42:59 INFO  TestBase:49 - Test name: testGenderlInformation
2019-07-29 22:43:06 INFO  TestBase:68 - Executed test case name:testGenderlInformation Execution Results : [TestResult name=testGenderlInformation status=SUCCESS method=Tests.testGenderlInformation()[pri:0, instance:tests.Tests@3d99d22e] output={null}]
2019-07-29 22:43:06 INFO  TestBase:59 - Closing Browser
2019-07-29 22:43:07 INFO  TestBase:61 - Browser Closed
2019-07-29 22:44:28 INFO  TestBase:32 - Initiate Browser
2019-07-29 22:44:39 INFO  TestBase:38 - Browser Initiated
2019-07-29 22:44:39 INFO  TestBase:49 - Test name: testGenderlInformation
2019-07-29 22:44:46 INFO  TestBase:68 - Executed test case name:testGenderlInformation Execution Results : [TestResult name=testGenderlInformation status=SUCCESS method=Tests.testGenderlInformation()[pri:0, instance:tests.Tests@3d99d22e] output={null}]
2019-07-29 22:44:46 INFO  TestBase:59 - Closing Browser
2019-07-29 22:44:47 INFO  TestBase:61 - Browser Closed
2019-07-30 08:49:42 INFO  TestBase:32 - Initiate Browser
2019-07-30 08:49:52 INFO  TestBase:38 - Browser Initiated
2019-07-30 08:49:52 INFO  TestBase:49 - Test name: testGenderlInformation
2019-07-30 08:49:55 INFO  TestBase:68 - Executed test case name:testGenderlInformation Execution Results : [TestResult name=testGenderlInformation status=SUCCESS method=Tests.testGenderlInformation()[pri:0, instance:tests.Tests@57855c9a] output={null}]
2019-07-30 08:49:55 INFO  TestBase:59 - Closing Browser
2019-07-30 08:49:55 INFO  TestBase:61 - Browser Closed
2019-07-30 10:05:09 INFO  TestBase:32 - Initiate Browser
2019-07-30 10:05:18 INFO  TestBase:38 - Browser Initiated
2019-07-30 10:05:18 INFO  TestBase:49 - Test name: testGenderlInformation
2019-07-30 10:05:18 INFO  TestBase:70 - Executed test case name:testGenderlInformation Execution Results : [TestResult name=testGenderlInformation status=SUCCESS method=Tests.testGenderlInformation()[pri:0, instance:tests.Tests@72b6cbcc] output={null}]
2019-07-30 10:05:18 INFO  TestBase:59 - Closing Browser
2019-07-30 10:05:19 INFO  TestBase:61 - Browser Closed
2019-07-30 10:08:30 INFO  TestBase:32 - Initiate Browser
2019-07-30 10:08:38 INFO  TestBase:38 - Browser Initiated
2019-07-30 10:08:38 INFO  TestBase:49 - Test name: testGenderlInformation
2019-07-30 10:08:38 INFO  TestBase:70 - Executed test case name:testGenderlInformation Execution Results : [TestResult name=testGenderlInformation status=SUCCESS method=Tests.testGenderlInformation()[pri:0, instance:tests.Tests@72b6cbcc] output={null}]
2019-07-30 10:08:38 INFO  TestBase:59 - Closing Browser
2019-07-30 10:08:39 INFO  TestBase:61 - Browser Closed
2019-07-30 10:08:43 INFO  TestBase:63 - Email successfully Send
2019-07-30 20:44:32 INFO  TestBase:32 - Initiate Browser
2019-07-30 20:44:44 INFO  TestBase:38 - Browser Initiated
2019-07-30 20:44:44 INFO  TestBase:49 - Test name: testGenderlInformation
2019-07-30 20:44:45 INFO  TestBase:70 - Executed test case name:testGenderlInformation Execution Results : [TestResult name=testGenderlInformation status=FAILURE method=Tests.testGenderlInformation()[pri:0, instance:tests.Tests@cd2dae5] output={null}]
2019-07-30 20:48:53 INFO  TestBase:32 - Initiate Browser
2019-07-30 20:49:03 INFO  TestBase:38 - Browser Initiated
2019-07-30 20:49:03 INFO  TestBase:49 - Test name: testGenderlInformation
2019-07-30 20:49:03 INFO  TestBase:70 - Executed test case name:testGenderlInformation Execution Results : [TestResult name=testGenderlInformation status=SUCCESS method=Tests.testGenderlInformation()[pri:0, instance:tests.Tests@cd2dae5] output={null}]
2019-07-30 20:49:03 INFO  TestBase:59 - Closing Browser
2019-07-30 20:49:04 INFO  TestBase:61 - Browser Closed
2019-07-30 20:54:46 INFO  TestBase:32 - Initiate Browser
2019-07-30 20:54:56 INFO  TestBase:38 - Browser Initiated
2019-07-30 20:54:56 INFO  TestBase:49 - Test name: testGenderlInformation
2019-07-30 20:54:58 INFO  TestBase:70 - Executed test case name:testGenderlInformation Execution Results : [TestResult name=testGenderlInformation status=SUCCESS method=Tests.testGenderlInformation()[pri:0, instance:tests.Tests@cd2dae5] output={null}]
2019-07-30 20:54:58 INFO  TestBase:59 - Closing Browser
2019-07-30 20:54:59 INFO  TestBase:61 - Browser Closed
2019-07-30 20:57:39 INFO  TestBase:32 - Initiate Browser
2019-07-30 20:57:50 INFO  TestBase:38 - Browser Initiated
2019-07-30 20:57:50 INFO  TestBase:49 - Test name: testGenderlInformation
2019-07-30 20:57:51 INFO  TestBase:70 - Executed test case name:testGenderlInformation Execution Results : [TestResult name=testGenderlInformation status=SUCCESS method=Tests.testGenderlInformation()[pri:0, instance:tests.Tests@cd2dae5] output={null}]
2019-07-30 20:57:51 INFO  TestBase:59 - Closing Browser
2019-07-30 20:57:52 INFO  TestBase:61 - Browser Closed
2019-07-30 20:59:14 INFO  TestBase:32 - Initiate Browser
2019-07-30 20:59:23 INFO  TestBase:38 - Browser Initiated
2019-07-30 20:59:23 INFO  TestBase:49 - Test name: testGenderlInformation
2019-07-30 20:59:25 INFO  TestBase:70 - Executed test case name:testGenderlInformation Execution Results : [TestResult name=testGenderlInformation status=SUCCESS method=Tests.testGenderlInformation()[pri:0, instance:tests.Tests@cd2dae5] output={null}]
2019-07-30 20:59:25 INFO  TestBase:59 - Closing Browser
2019-07-30 20:59:26 INFO  TestBase:61 - Browser Closed
2019-07-30 21:46:17 INFO  TestBase:32 - Initiate Browser
2019-07-30 21:47:16 INFO  TestBase:32 - Initiate Browser
2019-07-30 21:47:27 INFO  TestBase:38 - Browser Initiated
2019-07-30 21:47:27 INFO  TestBase:49 - Test name: testGenderlInformation
2019-07-30 21:47:28 INFO  TestBase:70 - Executed test case name:testGenderlInformation Execution Results : [TestResult name=testGenderlInformation status=SUCCESS method=Tests.testGenderlInformation()[pri:0, instance:tests.Tests@cd2dae5] output={null}]
2019-07-30 21:47:28 INFO  TestBase:59 - Closing Browser
2019-07-30 21:47:29 INFO  TestBase:61 - Browser Closed
2019-07-30 21:49:02 INFO  TestBase:32 - Initiate Browser
2019-07-30 21:53:03 INFO  TestBase:32 - Initiate Browser
2019-07-30 21:53:59 INFO  TestBase:32 - Initiate Browser
2019-07-30 21:54:17 INFO  TestBase:38 - Browser Initiated
2019-07-30 21:54:17 INFO  TestBase:49 - Test name: testGenderlInformation
2019-07-30 21:54:18 INFO  TestBase:70 - Executed test case name:testGenderlInformation Execution Results : [TestResult name=testGenderlInformation status=SUCCESS method=Tests.testGenderlInformation()[pri:0, instance:tests.Tests@cd2dae5] output={null}]
2019-07-30 21:54:18 INFO  TestBase:59 - Closing Browser
2019-07-30 21:54:21 INFO  TestBase:61 - Browser Closed
2019-07-30 21:55:49 INFO  TestBase:32 - Initiate Browser
2019-07-30 21:56:08 INFO  TestBase:38 - Browser Initiated
2019-07-30 21:56:08 INFO  TestBase:49 - Test name: testGenderlInformation
2019-07-30 21:56:10 INFO  TestBase:70 - Executed test case name:testGenderlInformation Execution Results : [TestResult name=testGenderlInformation status=SUCCESS method=Tests.testGenderlInformation()[pri:0, instance:tests.Tests@cd2dae5] output={null}]
2019-07-30 21:56:10 INFO  TestBase:59 - Closing Browser
2019-07-30 21:56:12 INFO  TestBase:61 - Browser Closed
2019-07-30 21:57:14 INFO  TestBase:32 - Initiate Browser
2019-07-30 21:57:25 INFO  TestBase:38 - Browser Initiated
2019-07-30 21:57:25 INFO  TestBase:49 - Test name: testGenderlInformation
2019-07-30 21:57:27 INFO  TestBase:70 - Executed test case name:testGenderlInformation Execution Results : [TestResult name=testGenderlInformation status=SUCCESS method=Tests.testGenderlInformation()[pri:0, instance:tests.Tests@cd2dae5] output={null}]
2019-07-30 21:57:27 INFO  TestBase:59 - Closing Browser
2019-07-30 21:57:30 INFO  TestBase:61 - Browser Closed
2019-07-30 21:59:44 INFO  TestBase:32 - Initiate Browser
2019-07-30 22:00:09 INFO  TestBase:38 - Browser Initiated
2019-07-30 22:00:09 INFO  TestBase:49 - Test name: testGenderlInformation
2019-07-30 22:00:11 INFO  TestBase:70 - Executed test case name:testGenderlInformation Execution Results : [TestResult name=testGenderlInformation status=SUCCESS method=Tests.testGenderlInformation()[pri:0, instance:tests.Tests@cd2dae5] output={null}]
2019-07-30 22:00:11 INFO  TestBase:59 - Closing Browser
2019-07-30 22:00:13 INFO  TestBase:61 - Browser Closed
2019-07-30 22:01:03 INFO  TestBase:32 - Initiate Browser
2019-07-30 22:02:49 INFO  TestBase:32 - Initiate Browser
2019-07-30 22:03:12 INFO  TestBase:38 - Browser Initiated
2019-07-30 22:03:12 INFO  TestBase:49 - Test name: testGenderlInformation
2019-07-30 22:03:14 INFO  TestBase:70 - Executed test case name:testGenderlInformation Execution Results : [TestResult name=testGenderlInformation status=SUCCESS method=Tests.testGenderlInformation()[pri:0, instance:tests.Tests@cd2dae5] output={null}]
2019-07-30 22:03:14 INFO  TestBase:59 - Closing Browser
2019-07-30 22:03:16 INFO  TestBase:61 - Browser Closed
2019-07-30 22:03:49 INFO  TestBase:32 - Initiate Browser
2019-07-30 22:04:26 INFO  TestBase:32 - Initiate Browser
2019-07-30 22:04:57 INFO  TestBase:32 - Initiate Browser
2019-07-30 22:05:53 INFO  TestBase:32 - Initiate Browser
2019-07-30 22:06:17 INFO  TestBase:38 - Browser Initiated
2019-07-30 22:06:17 INFO  TestBase:49 - Test name: testGenderlInformation
2019-07-30 22:06:19 INFO  TestBase:70 - Executed test case name:testGenderlInformation Execution Results : [TestResult name=testGenderlInformation status=SUCCESS method=Tests.testGenderlInformation()[pri:0, instance:tests.Tests@cd2dae5] output={null}]
2019-07-30 22:06:19 INFO  TestBase:59 - Closing Browser
2019-07-30 22:06:22 INFO  TestBase:61 - Browser Closed
2019-07-30 22:15:44 INFO  TestBase:32 - Initiate Browser
2019-07-30 22:17:17 INFO  TestBase:32 - Initiate Browser
2019-07-30 22:18:29 INFO  TestBase:32 - Initiate Browser
2019-07-30 22:19:44 INFO  TestBase:32 - Initiate Browser
2019-07-30 22:21:25 INFO  TestBase:32 - Initiate Browser
2019-07-30 22:21:41 INFO  TestBase:38 - Browser Initiated
2019-07-30 22:21:41 INFO  TestBase:49 - Test name: testGenderlInformation
2019-07-30 22:21:44 INFO  TestBase:70 - Executed test case name:testGenderlInformation Execution Results : [TestResult name=testGenderlInformation status=SUCCESS method=Tests.testGenderlInformation()[pri:0, instance:tests.Tests@cd2dae5] output={null}]
2019-07-30 22:21:44 INFO  TestBase:59 - Closing Browser
2019-07-30 22:21:46 INFO  TestBase:61 - Browser Closed
2019-08-03 23:55:23 INFO  TestBase:32 - Initiate Browser
2019-08-03 23:55:46 INFO  TestBase:38 - Browser Initiated
2019-08-03 23:55:46 INFO  TestBase:49 - Test name: testGenderlInformation
2019-08-03 23:55:49 INFO  TestBase:70 - Executed test case name:testGenderlInformation Execution Results : [TestResult name=testGenderlInformation status=SUCCESS method=Tests.testGenderlInformation()[pri:0, instance:tests.Tests@5be6e01c] output={null}]
2019-08-03 23:55:49 INFO  TestBase:59 - Closing Browser
2019-08-03 23:55:51 INFO  TestBase:61 - Browser Closed
2019-08-04 00:06:01 INFO  TestBase:32 - Initiate Browser
2019-08-04 00:06:19 INFO  TestBase:38 - Browser Initiated
2019-08-04 00:06:19 INFO  TestBase:49 - Test name: testGenderlInformation
2019-08-04 00:06:22 INFO  TestBase:70 - Executed test case name:testGenderlInformation Execution Results : [TestResult name=testGenderlInformation status=SUCCESS method=Tests.testGenderlInformation()[pri:0, instance:tests.Tests@7ce3cb8e] output={null}]
2019-08-04 00:06:22 INFO  TestBase:59 - Closing Browser
2019-08-04 00:06:24 INFO  TestBase:61 - Browser Closed
2019-08-06 10:54:37 INFO  TestBase:32 - Initiate Browser
2019-08-06 10:56:22 INFO  TestBase:32 - Initiate Browser
2019-08-06 10:57:01 INFO  TestBase:32 - Initiate Browser
2019-08-06 10:57:28 INFO  TestBase:38 - Browser Initiated
2019-08-06 10:57:28 INFO  TestBase:49 - Test name: testGenderlInformation
2019-08-06 10:57:44 INFO  TestBase:70 - Executed test case name:testGenderlInformation Execution Results : [TestResult name=testGenderlInformation status=SUCCESS method=Tests.testGenderlInformation()[pri:0, instance:tests.Tests@7ce3cb8e] output={null}]
2019-08-06 10:57:44 INFO  TestBase:59 - Closing Browser
2019-08-06 10:57:47 INFO  TestBase:61 - Browser Closed
2019-08-06 13:51:40 INFO  TestBase:32 - Initiate Browser
2019-08-06 13:51:55 INFO  TestBase:38 - Browser Initiated
2019-08-06 13:51:55 INFO  TestBase:49 - Test name: testGenderlInformation
2019-08-06 13:51:57 INFO  TestBase:70 - Executed test case name:testGenderlInformation Execution Results : [TestResult name=testGenderlInformation status=SUCCESS method=Tests.testGenderlInformation()[pri:0, instance:tests.Tests@6ef888f6] output={null}]
2019-08-06 13:51:57 INFO  TestBase:59 - Closing Browser
2019-08-06 13:52:00 INFO  TestBase:61 - Browser Closed
2019-08-06 16:42:34 INFO  TestBase:32 - Initiate Browser
2019-08-06 16:42:45 INFO  TestBase:38 - Browser Initiated
2019-08-06 16:42:45 INFO  TestBase:50 - Test name: testGenderlInformation
2019-08-06 16:42:46 INFO  TestBase:71 - Executed test case name:testGenderlInformation Execution Results : [TestResult name=testGenderlInformation status=SUCCESS method=Tests.testGenderlInformation()[pri:0, instance:tests.Tests@7ce3cb8e] output={null}]
2019-08-06 16:42:46 INFO  TestBase:60 - Closing Browser
2019-08-06 16:42:49 INFO  TestBase:62 - Browser Closed
2019-08-06 16:43:31 INFO  TestBase:32 - Initiate Browser
2019-08-06 16:44:37 INFO  TestBase:32 - Initiate Browser
2019-08-06 16:44:49 INFO  TestBase:40 - Browser Initiated
2019-08-06 16:44:49 INFO  TestBase:52 - Test name: testGenderlInformation
2019-08-06 16:44:50 INFO  TestBase:73 - Executed test case name:testGenderlInformation Execution Results : [TestResult name=testGenderlInformation status=SUCCESS method=Tests.testGenderlInformation()[pri:0, instance:tests.Tests@7ce3cb8e] output={null}]
2019-08-06 16:44:51 INFO  TestBase:62 - Closing Browser
2019-08-06 16:44:56 INFO  TestBase:64 - Browser Closed
2019-08-06 16:47:01 INFO  TestBase:32 - Initiate Browser
2019-08-06 16:47:13 INFO  TestBase:40 - Browser Initiated
2019-08-06 16:47:13 INFO  TestBase:52 - Test name: testGenderlInformation
2019-08-06 16:47:15 INFO  TestBase:73 - Executed test case name:testGenderlInformation Execution Results : [TestResult name=testGenderlInformation status=SUCCESS method=Tests.testGenderlInformation()[pri:0, instance:tests.Tests@7ce3cb8e] output={null}]
2019-08-06 16:47:15 INFO  TestBase:62 - Closing Browser
2019-08-06 16:47:18 INFO  TestBase:64 - Browser Closed
2019-08-06 16:49:45 INFO  TestBase:32 - Initiate Browser
2019-08-06 16:50:34 INFO  TestBase:32 - Initiate Browser
2019-08-06 16:50:42 INFO  TestBase:40 - Browser Initiated
2019-08-06 16:50:42 INFO  TestBase:52 - Test name: testGenderlInformation
2019-08-06 16:50:43 INFO  TestBase:73 - Executed test case name:testGenderlInformation Execution Results : [TestResult name=testGenderlInformation status=SUCCESS method=Tests.testGenderlInformation()[pri:0, instance:tests.Tests@69b2283a] output={null}]
2019-08-06 16:50:43 INFO  TestBase:62 - Closing Browser
2019-08-06 16:50:44 INFO  TestBase:64 - Browser Closed
2019-08-06 16:54:57 INFO  TestBase:32 - Initiate Browser
2019-08-06 16:55:06 INFO  TestBase:40 - Browser Initiated
2019-08-06 16:55:06 INFO  TestBase:52 - Test name: testGenderlInformation
2019-08-06 16:55:07 INFO  TestBase:73 - Executed test case name:testGenderlInformation Execution Results : [TestResult name=testGenderlInformation status=SUCCESS method=Tests.testGenderlInformation()[pri:0, instance:tests.Tests@69b2283a] output={null}]
2019-08-06 16:55:07 INFO  TestBase:62 - Closing Browser
2019-08-06 16:55:08 INFO  TestBase:64 - Browser Closed
2019-08-06 16:55:31 INFO  TestBase:32 - Initiate Browser
2019-08-06 17:02:32 INFO  TestBase:32 - Initiate Browser
2019-08-06 17:02:41 INFO  TestBase:40 - Browser Initiated
2019-08-06 17:02:41 INFO  TestBase:52 - Test name: testGenderlInformation
2019-08-06 17:02:42 INFO  TestBase:73 - Executed test case name:testGenderlInformation Execution Results : [TestResult name=testGenderlInformation status=SUCCESS method=Tests.testGenderlInformation()[pri:0, instance:tests.Tests@48e4374] output={null}]
2019-08-06 17:02:42 INFO  TestBase:62 - Closing Browser
2019-08-06 17:02:43 INFO  TestBase:64 - Browser Closed
2019-08-07 10:42:29 INFO  TestBase:32 - Initiate Browser
2019-08-07 10:42:37 INFO  TestBase:40 - Browser Initiated
2019-08-07 10:42:37 INFO  TestBase:52 - Test name: testGenderlInformation
2019-08-07 10:42:39 INFO  TestBase:73 - Executed test case name:testGenderlInformation Execution Results : [TestResult name=testGenderlInformation status=SUCCESS method=Tests.testGenderlInformation()[pri:0, instance:tests.Tests@4a22f9e2] output={null}]
2019-08-07 10:42:39 INFO  TestBase:62 - Closing Browser
2019-08-07 10:42:40 INFO  TestBase:64 - Browser Closed
2019-08-07 10:44:13 INFO  TestBase:32 - Initiate Browser
2019-08-07 10:44:20 INFO  TestBase:40 - Browser Initiated
2019-08-07 10:44:20 INFO  TestBase:52 - Test name: testGenderlInformation
2019-08-07 10:44:21 INFO  TestBase:73 - Executed test case name:testGenderlInformation Execution Results : [TestResult name=testGenderlInformation status=FAILURE method=Tests.testGenderlInformation()[pri:0, instance:tests.Tests@3c130745] output={null}]
2019-08-07 11:00:53 INFO  TestBase:32 - Initiate Browser
2019-08-07 11:01:01 INFO  TestBase:40 - Browser Initiated
2019-08-07 11:01:01 INFO  TestBase:52 - Test name: testGenderlInformation
2019-08-07 11:01:02 INFO  TestBase:73 - Executed test case name:testGenderlInformation Execution Results : [TestResult name=testGenderlInformation status=SUCCESS method=Tests.testGenderlInformation()[pri:0, instance:tests.Tests@5ae50ce6] output={null}]
2019-08-07 11:01:02 INFO  TestBase:62 - Closing Browser
2019-08-07 11:01:03 INFO  TestBase:64 - Browser Closed
2019-08-07 11:24:19 INFO  TestBase:32 - Initiate Browser
2019-08-07 11:24:27 INFO  TestBase:40 - Browser Initiated
2019-08-07 11:24:27 INFO  TestBase:52 - Test name: testGenderlInformation
2019-08-07 11:24:29 INFO  TestBase:73 - Executed test case name:testGenderlInformation Execution Results : [TestResult name=testGenderlInformation status=SUCCESS method=Tests.testGenderlInformation()[pri:0, instance:tests.Tests@30ee2816] output={null}]
2019-08-07 11:24:29 INFO  TestBase:62 - Closing Browser
2019-08-07 11:24:29 INFO  TestBase:64 - Browser Closed
2019-08-07 11:33:58 INFO  TestBase:32 - Initiate Browser
2019-08-07 11:34:06 INFO  TestBase:40 - Browser Initiated
2019-08-07 11:34:06 INFO  TestBase:52 - Test name: testGenderlInformation
2019-08-07 11:34:07 INFO  TestBase:73 - Executed test case name:testGenderlInformation Execution Results : [TestResult name=testGenderlInformation status=SUCCESS method=Tests.testGenderlInformation()[pri:0, instance:tests.Tests@5bd03f44] output={null}]
2019-08-07 11:34:07 INFO  TestBase:62 - Closing Browser
2019-08-07 11:34:08 INFO  TestBase:64 - Browser Closed
2019-08-12 12:06:44 INFO  TestBase:32 - Initiate Browser
2019-08-12 12:07:02 INFO  TestBase:41 - Browser Initiated
2019-08-12 12:07:02 INFO  TestBase:53 - Test name: testGenderlInformation
2019-08-12 12:07:10 INFO  TestBase:75 - Executed test case name:testGenderlInformation Execution Results : [TestResult name=testGenderlInformation status=SUCCESS method=Tests.testGenderlInformation()[pri:0, instance:tests.Tests@2e4b8173] output={null}]
2019-08-12 12:07:10 INFO  TestBase:64 - Closing Browser
2019-08-12 12:07:10 INFO  TestBase:66 - Browser Closed
2019-08-12 12:09:25 INFO  TestBase:32 - Initiate Browser
2019-08-12 12:09:32 INFO  TestBase:41 - Browser Initiated
2019-08-12 12:09:32 INFO  TestBase:53 - Test name: testGenderlInformation
2019-08-12 12:09:32 INFO  TestBase:75 - Executed test case name:testGenderlInformation Execution Results : [TestResult name=testGenderlInformation status=FAILURE method=Tests.testGenderlInformation()[pri:0, instance:tests.Tests@5bd03f44] output={null}]
2019-08-12 12:09:33 INFO  TestBase:64 - Closing Browser
2019-08-12 12:09:33 INFO  TestBase:66 - Browser Closed
2019-08-12 13:58:25 INFO  TestBase:32 - Initiate Browser
2019-08-12 13:58:33 INFO  TestBase:41 - Browser Initiated
2019-08-12 13:58:33 INFO  TestBase:53 - Test name: testGenderlInformation
2019-08-12 13:58:34 INFO  TestBase:76 - Executed test case name:testGenderlInformation Execution Results : [TestResult name=testGenderlInformation status=FAILURE method=Tests.testGenderlInformation()[pri:0, instance:tests.Tests@3c419631] output={null}]
2019-08-12 13:58:34 INFO  TestBase:65 - Closing Browser
2019-08-12 13:58:35 INFO  TestBase:67 - Browser Closed
2019-08-12 16:19:24 INFO  TestBase:32 - Initiate Browser
2019-08-12 16:19:31 INFO  TestBase:41 - Browser Initiated
2019-08-12 16:19:31 INFO  TestBase:53 - Test name: testGenderlInformation
2019-08-12 16:19:31 INFO  TestBase:83 - Executed test case name:testGenderlInformation Execution Results : [TestResult name=testGenderlInformation status=FAILURE method=Tests.testGenderlInformation()[pri:0, instance:tests.Tests@3c130745] output={null}]
2019-08-12 16:19:31 INFO  TestBase:72 - Closing Browser
2019-08-12 16:19:32 INFO  TestBase:74 - Browser Closed
2019-08-12 16:22:18 INFO  TestBase:32 - Initiate Browser
2019-08-12 16:22:25 INFO  TestBase:41 - Browser Initiated
2019-08-12 16:22:25 INFO  TestBase:53 - Test name: testGenderlInformation
2019-08-12 16:22:26 INFO  TestBase:81 - Executed test case name:testGenderlInformation Execution Results : [TestResult name=testGenderlInformation status=FAILURE method=Tests.testGenderlInformation()[pri:0, instance:tests.Tests@3c130745] output={null}]
2019-08-12 16:22:26 INFO  TestBase:70 - Closing Browser
2019-08-12 16:22:27 INFO  TestBase:72 - Browser Closed
2019-08-12 16:25:50 INFO  TestBase:32 - Initiate Browser
2019-08-12 16:25:57 INFO  TestBase:41 - Browser Initiated
2019-08-12 16:25:57 INFO  TestBase:53 - Test name: testGenderlInformation
2019-08-12 16:25:58 INFO  TestBase:81 - Executed test case name:testGenderlInformation Execution Results : [TestResult name=testGenderlInformation status=FAILURE method=Tests.testGenderlInformation()[pri:0, instance:tests.Tests@3c130745] output={null}]
2019-08-12 16:25:58 INFO  TestBase:70 - Closing Browser
2019-08-12 16:25:59 INFO  TestBase:72 - Browser Closed
2019-08-12 16:27:16 INFO  TestBase:32 - Initiate Browser
2019-08-12 16:27:23 INFO  TestBase:41 - Browser Initiated
2019-08-12 16:27:23 INFO  TestBase:53 - Test name: testGenderlInformation
2019-08-12 16:27:24 INFO  TestBase:81 - Executed test case name:testGenderlInformation Execution Results : [TestResult name=testGenderlInformation status=FAILURE method=Tests.testGenderlInformation()[pri:0, instance:tests.Tests@3c130745] output={null}]
2019-08-12 16:27:24 INFO  TestBase:70 - Closing Browser
2019-08-12 16:27:25 INFO  TestBase:72 - Browser Closed
2019-08-12 16:29:10 INFO  TestBase:32 - Initiate Browser
2019-08-12 16:29:17 INFO  TestBase:41 - Browser Initiated
2019-08-12 16:29:17 INFO  TestBase:53 - Test name: testGenderlInformation
2019-08-12 16:29:18 INFO  TestBase:81 - Executed test case name:testGenderlInformation Execution Results : [TestResult name=testGenderlInformation status=SUCCESS method=Tests.testGenderlInformation()[pri:0, instance:tests.Tests@3c130745] output={null}]
2019-08-12 16:29:18 INFO  TestBase:70 - Closing Browser
2019-08-12 16:29:19 INFO  TestBase:72 - Browser Closed
2019-08-12 16:32:11 INFO  TestBase:32 - Initiate Browser
2019-08-12 16:32:18 INFO  TestBase:41 - Browser Initiated
2019-08-12 16:32:18 INFO  TestBase:53 - Test name: testGenderlInformation
2019-08-12 16:32:19 INFO  TestBase:81 - Executed test case name:testGenderlInformation Execution Results : [TestResult name=testGenderlInformation status=SUCCESS method=Tests.testGenderlInformation()[pri:0, instance:tests.Tests@3c130745] output={null}]
2019-08-12 16:32:19 INFO  TestBase:70 - Closing Browser
2019-08-12 16:32:20 INFO  TestBase:72 - Browser Closed
2019-08-12 16:33:15 INFO  TestBase:32 - Initiate Browser
2019-08-12 16:33:21 INFO  TestBase:41 - Browser Initiated
2019-08-12 16:33:22 INFO  TestBase:53 - Test name: testGenderlInformation
2019-08-12 16:33:23 INFO  TestBase:81 - Executed test case name:testGenderlInformation Execution Results : [TestResult name=testGenderlInformation status=SUCCESS method=Tests.testGenderlInformation()[pri:0, instance:tests.Tests@4a22f9e2] output={null}]
2019-08-12 16:33:23 INFO  TestBase:70 - Closing Browser
2019-08-12 16:33:24 INFO  TestBase:72 - Browser Closed
2019-08-12 16:33:27 INFO  TestBase:74 - Email successfully Send
2019-08-12 16:51:36 INFO  TestBase:32 - Initiate Browser
2019-08-12 16:51:43 INFO  TestBase:41 - Browser Initiated
2019-08-12 16:51:43 INFO  TestBase:53 - Test name: testGenderlInformation
2019-08-12 16:51:44 INFO  TestBase:81 - Executed test case name:testGenderlInformation Execution Results : [TestResult name=testGenderlInformation status=SUCCESS method=Tests.testGenderlInformation()[pri:0, instance:tests.Tests@3f57bcad] output={null}]
2019-08-12 16:51:44 INFO  TestBase:70 - Closing Browser
2019-08-12 16:51:45 INFO  TestBase:72 - Browser Closed
2019-08-12 16:55:14 INFO  TestBase:32 - Initiate Browser
2019-08-12 16:55:21 INFO  TestBase:41 - Browser Initiated
2019-08-12 16:55:21 INFO  TestBase:53 - Test name: testGenderlInformation
2019-08-12 16:55:22 INFO  TestBase:81 - Executed test case name:testGenderlInformation Execution Results : [TestResult name=testGenderlInformation status=SUCCESS method=Tests.testGenderlInformation()[pri:0, instance:tests.Tests@3c130745] output={null}]
2019-08-12 16:55:22 INFO  TestBase:70 - Closing Browser
2019-08-12 16:55:23 INFO  TestBase:72 - Browser Closed
2019-08-12 16:55:46 INFO  TestBase:32 - Initiate Browser
2019-08-12 16:55:53 INFO  TestBase:41 - Browser Initiated
2019-08-12 16:55:53 INFO  TestBase:53 - Test name: testGenderlInformation
2019-08-12 16:55:54 INFO  TestBase:81 - Executed test case name:testGenderlInformation Execution Results : [TestResult name=testGenderlInformation status=SUCCESS method=Tests.testGenderlInformation()[pri:0, instance:tests.Tests@3c130745] output={null}]
2019-08-12 16:55:54 INFO  TestBase:70 - Closing Browser
2019-08-12 16:55:54 INFO  TestBase:72 - Browser Closed
2019-08-13 10:25:13 INFO  TestBase:32 - Initiate Browser
2019-08-13 10:25:24 INFO  TestBase:41 - Browser Initiated
2019-08-13 10:25:24 INFO  TestBase:53 - Test name: testGenderlInformation
2019-08-13 10:25:26 INFO  TestBase:81 - Executed test case name:testGenderlInformation Execution Results : [TestResult name=testGenderlInformation status=SUCCESS method=Tests.testGenderlInformation()[pri:0, instance:tests.Tests@3ba9ad43] output={null}]
2019-08-13 10:25:26 INFO  TestBase:70 - Closing Browser
2019-08-13 10:25:26 INFO  TestBase:72 - Browser Closed
2019-08-13 10:42:51 INFO  TestBase:32 - Initiate Browser
2019-08-13 10:42:59 INFO  TestBase:41 - Browser Initiated
2019-08-13 10:42:59 INFO  TestBase:53 - Test name: testGenderlInformation
2019-08-13 10:43:01 INFO  TestBase:81 - Executed test case name:testGenderlInformation Execution Results : [TestResult name=testGenderlInformation status=SUCCESS method=Tests.testGenderlInformation()[pri:0, instance:tests.Tests@3c419631] output={null}]
2019-08-13 10:43:01 INFO  TestBase:70 - Closing Browser
2019-08-13 10:43:02 INFO  TestBase:72 - Browser Closed
2019-08-13 12:20:05 INFO  TestBase:32 - Initiate Browser
2019-08-13 14:12:31 INFO  TestBase:32 - Initiate Browser
2019-08-13 14:23:09 INFO  TestBase:32 - Initiate Browser
2019-08-13 14:23:16 INFO  TestBase:41 - Browser Initiated
2019-08-13 14:23:16 INFO  TestBase:53 - Test name: testGenderlInformation
2019-08-13 14:23:18 INFO  TestBase:81 - Executed test case name:testGenderlInformation Execution Results : [TestResult name=testGenderlInformation status=SUCCESS method=Tests.testGenderlInformation()[pri:0, instance:tests.Tests@3c130745] output={null}]
2019-08-13 14:23:18 INFO  TestBase:70 - Closing Browser
2019-08-13 14:23:18 INFO  TestBase:72 - Browser Closed
2019-08-13 14:23:44 INFO  TestBase:32 - Initiate Browser
2019-08-13 14:23:51 INFO  TestBase:41 - Browser Initiated
2019-08-13 14:23:51 INFO  TestBase:53 - Test name: testGenderlInformation
2019-08-13 14:23:52 INFO  TestBase:81 - Executed test case name:testGenderlInformation Execution Results : [TestResult name=testGenderlInformation status=SUCCESS method=Tests.testGenderlInformation()[pri:0, instance:tests.Tests@3c130745] output={null}]
2019-08-13 14:23:52 INFO  TestBase:70 - Closing Browser
2019-08-13 14:23:53 INFO  TestBase:72 - Browser Closed
2019-08-13 14:25:21 INFO  TestBase:32 - Initiate Browser
2019-08-13 14:25:28 INFO  TestBase:41 - Browser Initiated
2019-08-13 14:25:28 INFO  TestBase:53 - Test name: testGenderlInformation
2019-08-13 14:25:29 INFO  TestBase:81 - Executed test case name:testGenderlInformation Execution Results : [TestResult name=testGenderlInformation status=SUCCESS method=Tests.testGenderlInformation()[pri:0, instance:tests.Tests@3c130745] output={null}]
2019-08-13 14:25:29 INFO  TestBase:70 - Closing Browser
2019-08-13 14:25:30 INFO  TestBase:72 - Browser Closed
2019-08-13 14:25:58 INFO  TestBase:32 - Initiate Browser
2019-08-13 14:26:05 INFO  TestBase:41 - Browser Initiated
2019-08-13 14:26:05 INFO  TestBase:53 - Test name: testGenderlInformation
2019-08-13 14:26:06 INFO  TestBase:81 - Executed test case name:testGenderlInformation Execution Results : [TestResult name=testGenderlInformation status=SUCCESS method=Tests.testGenderlInformation()[pri:0, instance:tests.Tests@3c130745] output={null}]
2019-08-13 14:26:06 INFO  TestBase:70 - Closing Browser
2019-08-13 14:26:07 INFO  TestBase:72 - Browser Closed
2019-08-15 13:34:18 INFO  TestBase:32 - Initiate Browser
2019-08-15 15:24:01 INFO  TestBase:32 - Initiate Browser
2019-08-15 15:24:09 INFO  TestBase:41 - Browser Initiated
2019-08-15 15:24:09 INFO  TestBase:53 - Test name: testGenderlInformation
2019-08-15 15:24:10 INFO  TestBase:81 - Executed test case name:testGenderlInformation Execution Results : [TestResult name=testGenderlInformation status=FAILURE method=Tests.testGenderlInformation()[pri:0, instance:tests.Tests@48e4374] output={null}]
2019-08-15 15:24:10 INFO  TestBase:70 - Closing Browser
2019-08-15 15:24:11 INFO  TestBase:72 - Browser Closed
2019-08-15 15:41:31 INFO  TestBase:32 - Initiate Browser
2019-08-15 15:41:38 INFO  TestBase:41 - Browser Initiated
2019-08-15 15:41:38 INFO  TestBase:53 - Test name: testGenderlInformation
2019-08-15 15:41:38 INFO  TestBase:81 - Executed test case name:testGenderlInformation Execution Results : [TestResult name=testGenderlInformation status=FAILURE method=Tests.testGenderlInformation()[pri:0, instance:tests.Tests@4a22f9e2] output={null}]
2019-08-15 15:41:39 INFO  TestBase:70 - Closing Browser
2019-08-15 15:41:39 INFO  TestBase:72 - Browser Closed
2019-08-16 09:15:54 INFO  TestBase:32 - Initiate Browser
2019-08-16 09:16:05 INFO  TestBase:41 - Browser Initiated
2019-08-16 09:16:05 INFO  TestBase:53 - Test name: testGenderlInformation
2019-08-16 09:16:08 INFO  TestBase:81 - Executed test case name:testGenderlInformation Execution Results : [TestResult name=testGenderlInformation status=FAILURE method=Tests.testGenderlInformation()[pri:1, instance:tests.Tests@3c419631] output={null}]
2019-08-16 09:16:09 INFO  TestBase:70 - Closing Browser
2019-08-16 09:16:09 INFO  TestBase:72 - Browser Closed
2019-08-16 13:21:13 INFO  TestBase:32 - Initiate Browser
2019-08-16 13:21:23 INFO  TestBase:41 - Browser Initiated
2019-08-16 13:21:23 INFO  TestBase:53 - Test name: testGenderlInformation
2019-08-16 13:21:24 INFO  TestBase:81 - Executed test case name:testGenderlInformation Execution Results : [TestResult name=testGenderlInformation status=FAILURE method=Tests.testGenderlInformation()[pri:1, instance:tests.Tests@2e4b8173] output={null}]
2019-08-16 13:21:25 INFO  TestBase:70 - Closing Browser
2019-08-16 13:21:26 INFO  TestBase:72 - Browser Closed
2019-08-16 13:21:54 INFO  TestBase:32 - Initiate Browser
2019-08-16 13:22:03 INFO  TestBase:41 - Browser Initiated
2019-08-16 13:22:03 INFO  TestBase:53 - Test name: testGenderlInformation
2019-08-16 13:22:06 INFO  TestBase:81 - Executed test case name:testGenderlInformation Execution Results : [TestResult name=testGenderlInformation status=FAILURE method=Tests.testGenderlInformation()[pri:1, instance:tests.Tests@2e4b8173] output={null}]
2019-08-16 13:22:06 INFO  TestBase:70 - Closing Browser
2019-08-16 13:22:07 INFO  TestBase:72 - Browser Closed
2019-08-16 13:25:01 INFO  TestBase:32 - Initiate Browser
2019-08-16 13:25:10 INFO  TestBase:41 - Browser Initiated
2019-08-16 13:25:10 INFO  TestBase:53 - Test name: testGenderlInformation
2019-08-16 13:25:12 INFO  TestBase:81 - Executed test case name:testGenderlInformation Execution Results : [TestResult name=testGenderlInformation status=FAILURE method=Tests.testGenderlInformation()[pri:1, instance:tests.Tests@2e4b8173] output={null}]
2019-08-16 13:25:13 INFO  TestBase:70 - Closing Browser
2019-08-16 13:25:13 INFO  TestBase:72 - Browser Closed
2019-08-16 13:26:10 INFO  TestBase:32 - Initiate Browser
2019-08-16 13:26:19 INFO  TestBase:41 - Browser Initiated
2019-08-16 13:26:19 INFO  TestBase:53 - Test name: testGenderlInformation
2019-08-16 13:26:21 INFO  TestBase:81 - Executed test case name:testGenderlInformation Execution Results : [TestResult name=testGenderlInformation status=FAILURE method=Tests.testGenderlInformation()[pri:1, instance:tests.Tests@2e4b8173] output={null}]
2019-08-16 13:26:21 INFO  TestBase:70 - Closing Browser
2019-08-16 13:26:22 INFO  TestBase:72 - Browser Closed
2019-08-16 13:27:06 INFO  TestBase:32 - Initiate Browser
2019-08-16 13:27:15 INFO  TestBase:41 - Browser Initiated
2019-08-16 13:27:15 INFO  TestBase:53 - Test name: testGenderlInformation
2019-08-16 13:27:17 INFO  TestBase:81 - Executed test case name:testGenderlInformation Execution Results : [TestResult name=testGenderlInformation status=FAILURE method=Tests.testGenderlInformation()[pri:1, instance:tests.Tests@2e4b8173] output={null}]
2019-08-16 13:27:18 INFO  TestBase:70 - Closing Browser
2019-08-16 13:27:18 INFO  TestBase:72 - Browser Closed
2019-08-16 13:29:07 INFO  TestBase:32 - Initiate Browser
2019-08-16 13:29:16 INFO  TestBase:41 - Browser Initiated
2019-08-16 13:29:16 INFO  TestBase:53 - Test name: testGenderlInformation
2019-08-16 13:29:19 INFO  TestBase:81 - Executed test case name:testGenderlInformation Execution Results : [TestResult name=testGenderlInformation status=FAILURE method=Tests.testGenderlInformation()[pri:1, instance:tests.Tests@2e4b8173] output={null}]
2019-08-16 13:29:19 INFO  TestBase:70 - Closing Browser
2019-08-16 13:29:20 INFO  TestBase:72 - Browser Closed
2019-08-16 13:31:08 INFO  TestBase:32 - Initiate Browser
2019-08-16 13:31:18 INFO  TestBase:41 - Browser Initiated
2019-08-16 13:31:18 INFO  TestBase:53 - Test name: testGenderlInformation
2019-08-16 13:31:21 INFO  TestBase:81 - Executed test case name:testGenderlInformation Execution Results : [TestResult name=testGenderlInformation status=FAILURE method=Tests.testGenderlInformation()[pri:1, instance:tests.Tests@2e4b8173] output={null}]
2019-08-16 13:31:21 INFO  TestBase:70 - Closing Browser
2019-08-16 13:31:22 INFO  TestBase:72 - Browser Closed
2019-08-16 13:42:02 INFO  TestBase:32 - Initiate Browser
2019-08-16 13:42:12 INFO  TestBase:41 - Browser Initiated
2019-08-16 13:42:12 INFO  TestBase:53 - Test name: testGenderlInformation
2019-08-16 13:42:15 INFO  TestBase:81 - Executed test case name:testGenderlInformation Execution Results : [TestResult name=testGenderlInformation status=FAILURE method=Tests.testGenderlInformation()[pri:1, instance:tests.Tests@2e4b8173] output={null}]
2019-08-16 13:42:16 INFO  TestBase:70 - Closing Browser
2019-08-16 13:42:16 INFO  TestBase:72 - Browser Closed
2019-08-16 13:51:49 INFO  TestBase:32 - Initiate Browser
2019-08-16 13:51:58 INFO  TestBase:41 - Browser Initiated
2019-08-16 13:51:58 INFO  TestBase:53 - Test name: testGenderlInformation
2019-08-16 13:52:00 INFO  TestBase:81 - Executed test case name:testGenderlInformation Execution Results : [TestResult name=testGenderlInformation status=FAILURE method=Tests.testGenderlInformation()[pri:1, instance:tests.Tests@2e4b8173] output={null}]
2019-08-16 13:52:01 INFO  TestBase:70 - Closing Browser
2019-08-16 13:52:02 INFO  TestBase:72 - Browser Closed
2019-08-16 13:52:58 INFO  TestBase:32 - Initiate Browser
2019-08-16 13:53:08 INFO  TestBase:41 - Browser Initiated
2019-08-16 13:53:08 INFO  TestBase:53 - Test name: testGenderlInformation
2019-08-16 13:53:11 INFO  TestBase:81 - Executed test case name:testGenderlInformation Execution Results : [TestResult name=testGenderlInformation status=FAILURE method=Tests.testGenderlInformation()[pri:1, instance:tests.Tests@2e4b8173] output={null}]
2019-08-16 13:53:12 INFO  TestBase:70 - Closing Browser
2019-08-16 13:53:13 INFO  TestBase:72 - Browser Closed
2019-08-16 13:57:58 INFO  TestBase:32 - Initiate Browser
2019-08-16 13:58:06 INFO  TestBase:41 - Browser Initiated
2019-08-16 13:58:06 INFO  TestBase:53 - Test name: testGenderlInformation
2019-08-16 13:58:09 INFO  TestBase:81 - Executed test case name:testGenderlInformation Execution Results : [TestResult name=testGenderlInformation status=FAILURE method=Tests.testGenderlInformation()[pri:1, instance:tests.Tests@2e4b8173] output={null}]
2019-08-16 13:58:10 INFO  TestBase:70 - Closing Browser
2019-08-16 13:58:10 INFO  TestBase:72 - Browser Closed
2019-08-19 09:52:42 INFO  TestBase:32 - Initiate Browser
2019-08-19 09:52:52 INFO  TestBase:41 - Browser Initiated
2019-08-19 09:52:52 INFO  TestBase:53 - Test name: testGenderlInformation
2019-08-19 09:52:53 INFO  TestBase:81 - Executed test case name:testGenderlInformation Execution Results : [TestResult name=testGenderlInformation status=FAILURE method=Tests.testGenderlInformation()[pri:1, instance:tests.Tests@1622f1b] output={null}]
2019-08-19 09:52:53 INFO  TestBase:70 - Closing Browser
2019-08-19 09:52:54 INFO  TestBase:72 - Browser Closed
2019-08-19 09:54:33 INFO  TestBase:32 - Initiate Browser
2019-08-19 09:54:41 INFO  TestBase:41 - Browser Initiated
2019-08-19 09:54:41 INFO  TestBase:53 - Test name: testGenderlInformation
2019-08-19 09:54:44 INFO  TestBase:81 - Executed test case name:testGenderlInformation Execution Results : [TestResult name=testGenderlInformation status=FAILURE method=Tests.testGenderlInformation()[pri:1, instance:tests.Tests@2e4b8173] output={null}]
2019-08-19 09:54:45 INFO  TestBase:70 - Closing Browser
2019-08-19 09:54:45 INFO  TestBase:72 - Browser Closed
2019-10-11 11:10:29 INFO  TestBase:32 - Initiate Browser
2019-10-11 11:10:48 INFO  TestBase:41 - Browser Initiated
2019-10-11 11:10:48 INFO  TestBase:53 - Test name: testGenderlInformation
2019-10-11 11:10:52 INFO  TestBase:81 - Executed test case name:testGenderlInformation Execution Results : [TestResult name=testGenderlInformation status=FAILURE method=Tests.testGenderlInformation()[pri:1, instance:tests.Tests@61230f6a] output={null}]
2019-10-11 11:10:52 INFO  TestBase:70 - Closing Browser
2019-10-11 11:10:53 INFO  TestBase:72 - Browser Closed
2019-12-18 16:32:31 INFO  TestBase:32 - Initiate Browser
2019-12-18 16:32:49 INFO  TestBase:41 - Browser Initiated
2019-12-18 16:32:49 INFO  TestBase:53 - Test name: testGenderlInformation
2019-12-18 16:32:50 INFO  TestBase:80 - Executed test case name:testGenderlInformation Execution Results : [TestResult name=testGenderlInformation status=FAILURE method=Tests.testGenderlInformation()[pri:1, instance:tests.Tests@703580bf] output={null}]
2019-12-18 16:32:50 INFO  TestBase:70 - Closing Browser
2019-12-18 16:32:51 INFO  TestBase:72 - Browser Closed
2019-12-18 16:33:09 INFO  TestBase:32 - Initiate Browser
2019-12-18 16:33:24 INFO  TestBase:41 - Browser Initiated
2019-12-18 16:33:24 INFO  TestBase:53 - Test name: testGenderlInformation
2019-12-18 16:33:25 INFO  TestBase:80 - Executed test case name:testGenderlInformation Execution Results : [TestResult name=testGenderlInformation status=SUCCESS method=Tests.testGenderlInformation()[pri:1, instance:tests.Tests@703580bf] output={null}]
2019-12-18 16:33:25 INFO  TestBase:70 - Closing Browser
2019-12-18 16:33:27 INFO  TestBase:72 - Browser Closed
2019-12-18 17:14:19 INFO  TestBase:32 - Initiate Browser
2019-12-18 17:14:35 INFO  TestBase:41 - Browser Initiated
2019-12-18 17:14:35 INFO  TestBase:53 - Test name: testGenderlInformation
2019-12-18 17:14:37 INFO  TestBase:80 - Executed test case name:testGenderlInformation Execution Results : [TestResult name=testGenderlInformation status=SUCCESS method=Tests.testGenderlInformation()[pri:1, instance:tests.Tests@470f1802] output={null}]
2019-12-18 17:14:37 INFO  TestBase:70 - Closing Browser
2019-12-18 17:14:38 INFO  TestBase:72 - Browser Closed
2019-12-19 09:18:50 INFO  TestBase:32 - Initiate Browser
2019-12-19 09:19:04 INFO  TestBase:41 - Browser Initiated
2019-12-19 09:19:04 INFO  TestBase:53 - Test name: testGenderlInformation
2019-12-19 09:19:06 INFO  TestBase:80 - Executed test case name:testGenderlInformation Execution Results : [TestResult name=testGenderlInformation status=SUCCESS method=Tests.testGenderlInformation()[pri:1, instance:tests.Tests@703580bf] output={null}]
2019-12-19 09:19:06 INFO  TestBase:70 - Closing Browser
2019-12-19 09:19:07 INFO  TestBase:72 - Browser Closed
2020-01-10 11:12:25 INFO  TestBase:32 - Initiate Browser
2020-01-10 11:12:43 INFO  TestBase:41 - Browser Initiated
2020-01-10 11:12:43 INFO  TestBase:53 - Test name: testGenderlInformation
2020-01-10 11:12:47 INFO  TestBase:80 - Executed test case name:testGenderlInformation Execution Results : [TestResult name=testGenderlInformation status=SUCCESS method=Tests.testGenderlInformation()[pri:1, instance:tests.Tests@cd3fee8] output={null}]
2020-01-10 11:12:47 INFO  TestBase:70 - Closing Browser
2020-01-10 11:12:48 INFO  TestBase:72 - Browser Closed
2020-01-10 11:13:40 INFO  TestBase:32 - Initiate Browser
2020-01-10 11:13:54 INFO  TestBase:41 - Browser Initiated
2020-01-10 11:13:54 INFO  TestBase:53 - Test name: testGenderlInformation
2020-01-10 11:13:56 INFO  TestBase:80 - Executed test case name:testGenderlInformation Execution Results : [TestResult name=testGenderlInformation status=SUCCESS method=Tests.testGenderlInformation()[pri:1, instance:tests.Tests@470f1802] output={null}]
2020-01-10 11:13:56 INFO  TestBase:70 - Closing Browser
2020-01-10 11:13:57 INFO  TestBase:72 - Browser Closed
2020-01-10 12:37:47 INFO  TestBase:32 - Initiate Browser
2020-01-10 12:38:04 INFO  TestBase:41 - Browser Initiated
2020-01-10 12:38:04 INFO  TestBase:53 - Test name: testGenderlInformation
2020-01-10 12:38:06 INFO  TestBase:80 - Executed test case name:testGenderlInformation Execution Results : [TestResult name=testGenderlInformation status=SUCCESS method=Tests.testGenderlInformation()[pri:1, instance:tests.Tests@1622f1b] output={null}]
2020-01-10 12:38:06 INFO  TestBase:70 - Closing Browser
2020-01-10 12:38:07 INFO  TestBase:72 - Browser Closed
2020-01-10 12:46:41 INFO  TestBase:32 - Initiate Browser
2020-01-10 12:46:56 INFO  TestBase:41 - Browser Initiated
2020-01-10 12:46:56 INFO  TestBase:53 - Test name: testGenderlInformation
2020-01-10 12:46:57 INFO  TestBase:80 - Executed test case name:testGenderlInformation Execution Results : [TestResult name=testGenderlInformation status=SUCCESS method=Tests.testGenderlInformation(java.lang.String, java.lang.String)[pri:1, instance:tests.Tests@6321e813] output={null}]
2020-01-10 12:46:57 INFO  TestBase:70 - Closing Browser
2020-01-10 12:46:58 INFO  TestBase:72 - Browser Closed
2020-01-10 12:46:58 INFO  TestBase:32 - Initiate Browser
2020-01-10 12:47:11 INFO  TestBase:41 - Browser Initiated
2020-01-10 12:47:11 INFO  TestBase:53 - Test name: testGenderlInformation
2020-01-10 12:47:13 INFO  TestBase:80 - Executed test case name:testGenderlInformation Execution Results : [TestResult name=testGenderlInformation status=SUCCESS method=Tests.testGenderlInformation(java.lang.String, java.lang.String)[pri:1, instance:tests.Tests@6321e813] output={null}]
2020-01-10 12:47:13 INFO  TestBase:70 - Closing Browser
2020-01-10 12:47:13 INFO  TestBase:72 - Browser Closed
2020-01-10 12:47:13 INFO  TestBase:32 - Initiate Browser
2020-01-10 12:47:26 INFO  TestBase:41 - Browser Initiated
2020-01-10 12:47:26 INFO  TestBase:53 - Test name: testGenderlInformation
2020-01-10 12:47:28 INFO  TestBase:80 - Executed test case name:testGenderlInformation Execution Results : [TestResult name=testGenderlInformation status=SUCCESS method=Tests.testGenderlInformation(java.lang.String, java.lang.String)[pri:1, instance:tests.Tests@6321e813] output={null}]
2020-01-10 12:47:28 INFO  TestBase:70 - Closing Browser
2020-01-10 12:47:28 INFO  TestBase:72 - Browser Closed
2020-01-10 12:53:19 INFO  TestBase:32 - Initiate Browser
2020-01-10 12:53:34 INFO  TestBase:41 - Browser Initiated
2020-01-10 12:53:34 INFO  TestBase:53 - Test name: testGenderlInformation
2020-01-10 12:53:35 INFO  TestBase:80 - Executed test case name:testGenderlInformation Execution Results : [TestResult name=testGenderlInformation status=SUCCESS method=Tests.testGenderlInformation(java.lang.String, java.lang.String)[pri:1, instance:tests.Tests@49fc609f] output={null}]
2020-01-10 12:53:35 INFO  TestBase:70 - Closing Browser
2020-01-10 12:53:35 INFO  TestBase:72 - Browser Closed
2020-01-10 12:53:35 INFO  TestBase:32 - Initiate Browser
2020-01-10 12:53:49 INFO  TestBase:41 - Browser Initiated
2020-01-10 12:53:49 INFO  TestBase:53 - Test name: testGenderlInformation
2020-01-10 12:53:50 INFO  TestBase:80 - Executed test case name:testGenderlInformation Execution Results : [TestResult name=testGenderlInformation status=SUCCESS method=Tests.testGenderlInformation(java.lang.String, java.lang.String)[pri:1, instance:tests.Tests@49fc609f] output={null}]
2020-01-10 12:53:50 INFO  TestBase:70 - Closing Browser
2020-01-10 12:53:51 INFO  TestBase:72 - Browser Closed
2020-01-10 12:53:51 INFO  TestBase:32 - Initiate Browser
2020-01-10 12:54:04 INFO  TestBase:41 - Browser Initiated
2020-01-10 12:54:04 INFO  TestBase:53 - Test name: testGenderlInformation
2020-01-10 12:54:06 INFO  TestBase:80 - Executed test case name:testGenderlInformation Execution Results : [TestResult name=testGenderlInformation status=SUCCESS method=Tests.testGenderlInformation(java.lang.String, java.lang.String)[pri:1, instance:tests.Tests@49fc609f] output={null}]
2020-01-10 12:54:06 INFO  TestBase:70 - Closing Browser
2020-01-10 12:54:06 INFO  TestBase:72 - Browser Closed
